Arguments: 
  C:\Program Files\nodejs\node.exe C:\Program Files (x86)\Yarn\bin\yarn.js add pupperteer

PATH: 
  C:\Program Files\Git\mingw64\bin;C:\Program Files\Git\usr\bin;C:\Users\DavinCis99\bin;C:\Python27;C:\Python27\Scripts;C:\Program Files\Docker\Docker\Resources\bin;C:\ProgramData\Oracle\Java\javapath;C:\WINDOWS\system32;C:\WINDOWS;C:\WINDOWS\System32\Wbem;C:\WINDOWS\System32\WindowsPowerShell\v1.0;C:\Program Files\Git\cmd;C:\Program Files (x86)\GtkSharp\2.12\bin;C:\Program Files\MongoDB\Server\3.6\bin;C:\WINDOWS\System32\OpenSSH;C:\ProgramData\chocolatey\bin;C:\Program Files\Java\jdk1.8.0_172\bin;C:\Android\android-sdk\tools;C:\Android\android-sdk\platform-tools;C:\Program Files\nodejs;C:\Program Files (x86)\Yarn\bin;C:\Program Files\WIDCOMM\Bluetooth Software;C:\Program Files\WIDCOMM\Bluetooth Software\syswow64;C:\Users\DavinCis99\AppData\Local\Programs\Python\Python37-32\Scripts;C:\Users\DavinCis99\AppData\Local\Programs\Python\Python37-32;C:\Program Files\GTK3-Runtime Win64\bin;C:\Program Files\dotnet;C:\Users\DavinCis99\AppData\Local\Programs\Python\Python37\Scripts;C:\Users\DavinCis99\AppData\Local\Programs\Python\Python37;C:\Users\DavinCis99\AppData\Local\Microsoft\WindowsApps;C:\Users\DavinCis99\AppData\Local\GitHubDesktop\bin;C:\Users\DavinCis99\AppData\Local\Microsoft\WindowsApps;C:\Users\DavinCis99\AppData\Local\atom\bin;C:\Program Files\Heroku\bin;C:\Program Files (x86)\Heroku\bin;C:\Program Files\Microsoft VS Code\bin;C:\Users\DavinCis99\AppData\Roaming\npm;C:\Users\DavinCis99\AppData\Local\Yarn\bin;C:\Users\DavinCis99\AppData\Local\Programs\Microsoft VS Code\bin

Yarn version: 
  1.7.0

Node version: 
  10.4.0

Platform: 
  win32 x64

Trace: 
  Error: https://registry.yarnpkg.com/pupperteer: Not found
      at Request.params.callback [as _callback] (C:\Program Files (x86)\Yarn\lib\cli.js:65656:18)
      at Request.self.callback (C:\Program Files (x86)\Yarn\lib\cli.js:134675:22)
      at Request.emit (events.js:182:13)
      at Request.<anonymous> (C:\Program Files (x86)\Yarn\lib\cli.js:135658:10)
      at Request.emit (events.js:182:13)
      at IncomingMessage.<anonymous> (C:\Program Files (x86)\Yarn\lib\cli.js:135578:12)
      at Object.onceWrapper (events.js:273:13)
      at IncomingMessage.emit (events.js:187:15)
      at endReadableNT (_stream_readable.js:1081:12)
      at process._tickCallback (internal/process/next_tick.js:63:19)

npm manifest: 
  {
    "name": "fukinvoice",
    "version": "0.0.1",
    "description": "Invoice Generator",
    "main": "index.js",
    "author": "Codetaku",
    "license": "MIT"
  }

yarn manifest: 
  No manifest

Lockfile: 
  No lockfile
